Change Value of Parameter Package in Part C1 Old=SMT/TH New=Package
Change Value of Parameter Package in Part C2 Old=SMT/TH New=Package
Change Value of Parameter Package in Part C4 Old=SMT/TH New=Package
Change Value of Parameter Package in Part C5 Old=SMT/TH New=Package
Change Value of Parameter Package in Part C6 Old=SMT/TH New=Package
Change Value of Parameter Package in Part C7 Old=SMT/TH New=Package
Change Value of Parameter Package in Part C9 Old=SMT/TH New=Package
Change Value of Parameter Package in Part C10 Old=SMT/TH New=Package
Change Value of Parameter Package in Part C11 Old=SMT/TH New=Package
Change Value of Parameter Package in Part C12 Old=SMT/TH New=Package
Change Value of Parameter Package in Part C13 Old=SMT/TH New=Package
Change Value of Parameter Package in Part C14 Old=SMT/TH New=Package
Change Value of Parameter Package in Part J1 Old=SMT/TH New=Package
Change Value of Parameter Package in Part J2 Old=SMT/TH New=Package
Change Value of Parameter Package in Part J3 Old=SMT/TH New=Package
Change Value of Parameter Package in Part J4 Old=SMT/TH New=Package
Change Value of Parameter Package in Part M1 Old=SMT/TH New=Package
Change Value of Parameter Package in Part R1 Old=SMT/TH New=Package
Change Value of Parameter Package in Part R2 Old=SMT/TH New=Package
Change Value of Parameter Package in Part R3 Old=SMT/TH New=Package
Change Value of Parameter Package in Part R4 Old=SMT/TH New=Package
Change Value of Parameter Package in Part R5 Old=SMT/TH New=Package
Change Value of Parameter Package in Part R6 Old=SMT/TH New=Package
Change Value of Parameter Package in Part R7 Old=SMT/TH New=Package
Change Value of Parameter Package in Part R8 Old=SMT/TH New=Package
Change Value of Parameter Package in Part R9 Old=SMT/TH New=Package
Change Value of Parameter Package in Part R10 Old=SMT/TH New=Package
Change Value of Parameter Package in Part R11 Old=SMT/TH New=Package
Change Value of Parameter Package in Part R12 Old=SMT/TH New=Package
Change Value of Parameter Package in Part R13 Old=SMT/TH New=Package
Change Value of Parameter Package in Part R14 Old=SMT/TH New=Package
Change Value of Parameter Package in Part R15 Old=SMT/TH New=Package
Change Value of Parameter Package in Part R16 Old=SMT/TH New=Package
Change Value of Parameter Package in Part R17 Old=SMT/TH New=Package
Change Value of Parameter Package in Part R18 Old=SMT/TH New=Package
Change Value of Parameter Package in Part U1 Old=SMT/TH New=Package
Change Value of Parameter Package in Part U1 Old=SMT/TH New=Package
Change Value of Parameter Package in Part U2 Old=SMT/TH New=Package
Change Value of Parameter Package in Part U2 Old=SMT/TH New=Package
Change Value of Parameter Package in Part U3 Old=SMT/TH New=Package
