Removed Parameter LatestRevisionDate:17-Jul-2002 from Part P1
Removed Parameter LatestRevisionDate:17-Jul-2002 from Part P2
Removed Parameter LatestRevisionNote:Re-released for DXP Platform. from Part P1
Removed Parameter LatestRevisionNote:Re-released for DXP Platform. from Part P2
Removed Parameter Publisher:Altium Limited from Part P1
Removed Parameter Publisher:Altium Limited from Part P2
Removed Parameter Supplier 1:Digikey from Part C1
Removed Parameter Supplier 1:Digikey from Part C2
Removed Parameter Supplier 1:Digikey from Part C3
Removed Parameter Supplier 1:Digikey from Part C4
Removed Parameter Supplier 1:Digikey from Part C5
Removed Parameter Supplier 1:Digikey from Part C6
Removed Parameter Supplier 1:Digikey from Part C7
Removed Parameter Supplier 1:Digikey from Part C8
Removed Parameter Supplier 1:Digikey from Part C9
Removed Parameter Supplier 1:Digikey from Part C10
Removed Parameter Supplier 1:Digikey from Part C11
Removed Parameter Supplier 1:Digikey from Part C12
Removed Parameter Supplier 1:Digikey from Part C13
Removed Parameter Supplier 1:Digikey from Part C14
Removed Parameter Supplier 1:Newark from Part J1
Removed Parameter Supplier 1:Newark from Part J2
Removed Parameter Supplier Part Number 1:01H0905 from Part J1
Removed Parameter Supplier Part Number 1:01H0905 from Part J2
Added Parameter Supplier=Digikey to Part C1
Added Parameter Supplier=Digikey to Part C2
Added Parameter Supplier=Digikey to Part C3
Added Parameter Supplier=Digikey to Part C4
Added Parameter Supplier=Digikey to Part C5
Added Parameter Supplier=Digikey to Part C6
Added Parameter Supplier=Digikey to Part C7
Added Parameter Supplier=Digikey to Part C8
Added Parameter Supplier=Digikey to Part C9
Added Parameter Supplier=Digikey to Part C10
Added Parameter Supplier=Digikey to Part C11
Added Parameter Supplier=Digikey to Part C12
Added Parameter Supplier=Digikey to Part C13
Added Parameter Supplier=Digikey to Part C14
Added Parameter Supplier=Newark to Part J1
Added Parameter Supplier=Newark to Part J2
Added Parameter Supplier= to Part P1
Added Parameter Supplier= to Part P2
Added Parameter Supplier Part Number=01H0905 to Part J1
Added Parameter Supplier Part Number=01H0905 to Part J2
