Change Value of Parameter Package in Part C1 Old= New=0603
Change Value of Parameter Package in Part C2 Old= New=0603
Change Value of Parameter Package in Part C3 Old= New=0603
Change Value of Parameter Package in Part C4 Old= New=0603
Change Value of Parameter Package in Part C5 Old= New=0603
Change Value of Parameter Package in Part C6 Old= New=0603
Change Value of Parameter Package in Part C7 Old= New=0603
Change Value of Parameter Package in Part C8 Old= New=0603
Change Value of Parameter Package in Part C9 Old= New=0603
Change Value of Parameter Package in Part C10 Old= New=0603
Change Value of Parameter Package in Part C11 Old= New=0603
Change Value of Parameter Package in Part C12 Old= New=0603
Change Value of Parameter Package in Part C13 Old= New=0603
Change Value of Parameter Package in Part C14 Old= New=0603
Change Value of Parameter Package in Part R1 Old= New=0603
Change Value of Parameter Package in Part R2 Old= New=0603
Change Value of Parameter Package in Part R3 Old= New=0603
Change Value of Parameter Package in Part R4 Old= New=0603
Change Value of Parameter Package in Part R5 Old= New=0603
Change Value of Parameter Package in Part R6 Old= New=0603
Change Value of Parameter Package in Part R7 Old= New=0603
Change Value of Parameter Package in Part R8 Old= New=0603
Change Value of Parameter Package in Part R9 Old= New=0603
Change Value of Parameter Package in Part R10 Old= New=0603
Change Value of Parameter Package in Part R11 Old= New=0603
Change Value of Parameter Package in Part R12 Old= New=0603
Change Value of Parameter Package in Part R13 Old= New=0603
Change Value of Parameter Package in Part R14 Old= New=0603
Change Value of Parameter Package in Part R15 Old= New=0603
Change Value of Parameter Package in Part R16 Old= New=0603
Change Value of Parameter Package in Part R16 Old= New=0603
Change Value of Parameter Package in Part R17 Old= New=0603
Change Value of Parameter Package in Part R18 Old= New=0603
Added Parameter Datasheet Link= to Part DS1
Added Parameter Manufacturer= to Part DS1
Added Parameter Manufacturer Part Number= to Part DS1
Added Parameter Name= to Part DS1
Added Parameter Package=0603 to Part DS1
Added Parameter Power= to Part DS1
Added Parameter Supplier 1= to Part DS1
Added Parameter Supplier Part Number 1= to Part DS1
Added Parameter Tolerance= to Part DS1
Added Parameter Value= to Part DS1
