Change Value of Parameter Datasheet Link in Part C1 Old= New=http://product.tdk.com/en/catalog/datasheets/mlcc_commercial_general_en.pdf
Change Value of Parameter Manufacturer in Part C1 Old= New=TDK Corporation
Change Value of Parameter Manufacturer Part Number in Part C1 Old= New=C1608X7R1E103K080AA
Change Value of Parameter Name in Part C1 Old= New=CAP CER 10000PF 25V 10% X7R 0603
Change Value of Parameter Power in Part C1 Old= New=25V
Change Value of Parameter Supplier 1 in Part C1 Old= New=Digikey
Change Value of Parameter Supplier Part Number 1 in Part C1 Old= New=445-5100-1-ND
Change Value of Parameter Tolerance in Part C1 Old= New=10%
Change Value of Parameter Datasheet Link in Part C2 Old= New=http://product.tdk.com/en/catalog/datasheets/mlcc_commercial_general_en.pdf
Change Value of Parameter Manufacturer in Part C2 Old= New=TDK Corporation
Change Value of Parameter Manufacturer Part Number in Part C2 Old= New=C1608X7R1E103K080AA
Change Value of Parameter Name in Part C2 Old= New=CAP CER 10000PF 25V 10% X7R 0603
Change Value of Parameter Power in Part C2 Old= New=25V
Change Value of Parameter Supplier 1 in Part C2 Old= New=Digikey
Change Value of Parameter Supplier Part Number 1 in Part C2 Old= New=445-5100-1-ND
Change Value of Parameter Tolerance in Part C2 Old= New=10%
Change Value of Parameter Datasheet Link in Part C3 Old= New=http://product.tdk.com/en/catalog/datasheets/mlcc_commercial_general_en.pdf
Change Value of Parameter Manufacturer in Part C3 Old= New=TDK Corporation
Change Value of Parameter Manufacturer Part Number in Part C3 Old= New=C1608X7R1E103K080AA
Change Value of Parameter Name in Part C3 Old= New=CAP CER 10000PF 25V 10% X7R 0603
Change Value of Parameter Power in Part C3 Old= New=25V
Change Value of Parameter Supplier 1 in Part C3 Old= New=Digikey
Change Value of Parameter Supplier Part Number 1 in Part C3 Old= New=445-5100-1-ND
Change Value of Parameter Tolerance in Part C3 Old= New=10%
Change Value of Parameter Datasheet Link in Part C4 Old= New=http://product.tdk.com/en/catalog/datasheets/mlcc_commercial_general_en.pdf
Change Value of Parameter Manufacturer in Part C4 Old= New=TDK Corporation
Change Value of Parameter Manufacturer Part Number in Part C4 Old= New=C1608X7R1E103K080AA
Change Value of Parameter Name in Part C4 Old= New=CAP CER 10000PF 25V 10% X7R 0603
Change Value of Parameter Power in Part C4 Old= New=25V
Change Value of Parameter Supplier 1 in Part C4 Old= New=Digikey
Change Value of Parameter Supplier Part Number 1 in Part C4 Old= New=445-5100-1-ND
Change Value of Parameter Tolerance in Part C4 Old= New=10%
Change Value of Parameter Datasheet Link in Part C5 Old= New=http://product.tdk.com/en/catalog/datasheets/mlcc_commercial_general_en.pdf
Change Value of Parameter Manufacturer in Part C5 Old= New=TDK Corporation
Change Value of Parameter Manufacturer Part Number in Part C5 Old= New=C1608X7R1E103K080AA
Change Value of Parameter Name in Part C5 Old= New=CAP CER 10000PF 25V 10% X7R 0603
Change Value of Parameter Power in Part C5 Old= New=25V
Change Value of Parameter Supplier 1 in Part C5 Old= New=Digikey
Change Value of Parameter Supplier Part Number 1 in Part C5 Old= New=445-5100-1-ND
Change Value of Parameter Tolerance in Part C5 Old= New=10%
Change Value of Parameter Datasheet Link in Part C6 Old= New=http://product.tdk.com/en/catalog/datasheets/mlcc_commercial_general_en.pdf
Change Value of Parameter Manufacturer in Part C6 Old= New=TDK Corporation
Change Value of Parameter Manufacturer Part Number in Part C6 Old= New=C1608X7R1E103K080AA
Change Value of Parameter Name in Part C6 Old= New=CAP CER 10000PF 25V 10% X7R 0603
Change Value of Parameter Power in Part C6 Old= New=25V
Change Value of Parameter Supplier 1 in Part C6 Old= New=Digikey
Change Value of Parameter Supplier Part Number 1 in Part C6 Old= New=445-5100-1-ND
Change Value of Parameter Tolerance in Part C6 Old= New=10%
Change Value of Parameter Datasheet Link in Part C7 Old= New=http://product.tdk.com/en/catalog/datasheets/mlcc_commercial_general_en.pdf
Change Value of Parameter Manufacturer in Part C7 Old= New=TDK Corporation
Change Value of Parameter Manufacturer Part Number in Part C7 Old= New=C1608X7R1C105K080AC
Change Value of Parameter Name in Part C7 Old= New=CAP CER 1UF 16V 10% X7R 0603
Change Value of Parameter Power in Part C7 Old= New=16V
Change Value of Parameter Supplier 1 in Part C7 Old= New=Digikey
Change Value of Parameter Supplier Part Number 1 in Part C7 Old= New=445-1604-1-ND
Change Value of Parameter Tolerance in Part C7 Old= New=10%
Change Value of Parameter Datasheet Link in Part C8 Old= New=http://product.tdk.com/en/catalog/datasheets/mlcc_commercial_general_en.pdf
Change Value of Parameter Manufacturer in Part C8 Old= New=TDK Corporation
Change Value of Parameter Manufacturer Part Number in Part C8 Old= New=C1608X7R1C105K080AC
Change Value of Parameter Name in Part C8 Old= New=CAP CER 1UF 16V 10% X7R 0603
Change Value of Parameter Power in Part C8 Old= New=16V
Change Value of Parameter Supplier 1 in Part C8 Old= New=Digikey
Change Value of Parameter Supplier Part Number 1 in Part C8 Old= New=445-1604-1-ND
Change Value of Parameter Tolerance in Part C8 Old= New=10%
Change Value of Parameter Datasheet Link in Part C9 Old= New=http://product.tdk.com/en/catalog/datasheets/mlcc_commercial_general_en.pdf
Change Value of Parameter Manufacturer in Part C9 Old= New=TDK Corporation
Change Value of Parameter Manufacturer Part Number in Part C9 Old= New=C1608X7R1C105K080AC
Change Value of Parameter Name in Part C9 Old= New=CAP CER 1UF 16V 10% X7R 0603
Change Value of Parameter Power in Part C9 Old= New=16V
Change Value of Parameter Supplier 1 in Part C9 Old= New=Digikey
Change Value of Parameter Supplier Part Number 1 in Part C9 Old= New=445-1604-1-ND
Change Value of Parameter Tolerance in Part C9 Old= New=10%
Change Value of Parameter Datasheet Link in Part C10 Old= New=http://product.tdk.com/en/catalog/datasheets/mlcc_commercial_general_en.pdf
Change Value of Parameter Manufacturer in Part C10 Old= New=TDK Corporation
Change Value of Parameter Manufacturer Part Number in Part C10 Old= New=C1608X7R1C105K080AC
Change Value of Parameter Name in Part C10 Old= New=CAP CER 1UF 16V 10% X7R 0603
Change Value of Parameter Power in Part C10 Old= New=16V
Change Value of Parameter Supplier 1 in Part C10 Old= New=Digikey
Change Value of Parameter Supplier Part Number 1 in Part C10 Old= New=445-1604-1-ND
Change Value of Parameter Tolerance in Part C10 Old= New=10%
Change Value of Parameter Datasheet Link in Part C11 Old= New=http://product.tdk.com/en/catalog/datasheets/mlcc_commercial_general_en.pdf
Change Value of Parameter Manufacturer in Part C11 Old= New=TDK Corporation
Change Value of Parameter Manufacturer Part Number in Part C11 Old= New=C1608X7R1C105K080AC
Change Value of Parameter Name in Part C11 Old= New=CAP CER 1UF 16V 10% X7R 0603
Change Value of Parameter Power in Part C11 Old= New=16V
Change Value of Parameter Supplier 1 in Part C11 Old= New=Digikey
Change Value of Parameter Supplier Part Number 1 in Part C11 Old= New=445-1604-1-ND
Change Value of Parameter Tolerance in Part C11 Old= New=10%
Change Value of Parameter Datasheet Link in Part C12 Old= New=http://product.tdk.com/en/catalog/datasheets/mlcc_commercial_general_en.pdf
Change Value of Parameter Manufacturer in Part C12 Old= New=TDK Corporation
Change Value of Parameter Manufacturer Part Number in Part C12 Old= New=C1608X7R1C105K080AC
Change Value of Parameter Name in Part C12 Old= New=CAP CER 1UF 16V 10% X7R 0603
Change Value of Parameter Power in Part C12 Old= New=16V
Change Value of Parameter Supplier 1 in Part C12 Old= New=Digikey
Change Value of Parameter Supplier Part Number 1 in Part C12 Old= New=445-1604-1-ND
Change Value of Parameter Tolerance in Part C12 Old= New=10%
Change Value of Parameter Datasheet Link in Part C13 Old= New=http://product.tdk.com/en/catalog/datasheets/mlcc_commercial_general_en.pdf
Change Value of Parameter Manufacturer in Part C13 Old= New=TDK Corporation
Change Value of Parameter Manufacturer Part Number in Part C13 Old= New=C1608X7R1C105K080AC
Change Value of Parameter Name in Part C13 Old= New=CAP CER 1UF 16V 10% X7R 0603
Change Value of Parameter Power in Part C13 Old= New=16V
Change Value of Parameter Supplier 1 in Part C13 Old= New=Digikey
Change Value of Parameter Supplier Part Number 1 in Part C13 Old= New=445-1604-1-ND
Change Value of Parameter Tolerance in Part C13 Old= New=10%
Change Value of Parameter Datasheet Link in Part C14 Old= New=http://product.tdk.com/en/catalog/datasheets/mlcc_commercial_general_en.pdf
Change Value of Parameter Manufacturer in Part C14 Old= New=TDK Corporation
Change Value of Parameter Manufacturer Part Number in Part C14 Old= New=C1608X7R1C105K080AC
Change Value of Parameter Name in Part C14 Old= New=CAP CER 1UF 16V 10% X7R 0603
Change Value of Parameter Power in Part C14 Old= New=16V
Change Value of Parameter Supplier 1 in Part C14 Old= New=Digikey
Change Value of Parameter Supplier Part Number 1 in Part C14 Old= New=445-1604-1-ND
Change Value of Parameter Tolerance in Part C14 Old= New=10%
Change Value of Parameter Name in Part U1 Old=Dual OP Amp Low Noise New=IC Op Amp Dual GBP 5.5MHz 8SOIC
Change Value of Parameter Name in Part U1 Old=Dual OP Amp Low Noise New=IC Op Amp Dual GBP 5.5MHz 8SOIC
Change Value of Parameter Name in Part U2 Old=Dual OP Amp Low Noise New=IC Op Amp Dual GBP 5.5MHz 8SOIC
Change Value of Parameter Name in Part U2 Old=Dual OP Amp Low Noise New=IC Op Amp Dual GBP 5.5MHz 8SOIC
