Removed Parameter Units_per_component:3 from Part U3
Removed Parameter Units_per_component: from Part C1
Removed Parameter Units_per_component: from Part C2
Removed Parameter Units_per_component: from Part C4
Removed Parameter Units_per_component: from Part C5
Removed Parameter Units_per_component: from Part C6
Removed Parameter Units_per_component: from Part C7
Removed Parameter Units_per_component: from Part C9
Removed Parameter Units_per_component: from Part C10
Removed Parameter Units_per_component: from Part C11
Removed Parameter Units_per_component: from Part C12
Removed Parameter Units_per_component: from Part C13
Removed Parameter Units_per_component: from Part C14
Removed Parameter Units_per_component: from Part J1
Removed Parameter Units_per_component: from Part J2
Removed Parameter Units_per_component: from Part J3
Removed Parameter Units_per_component: from Part J4
Removed Parameter Units_per_component: from Part M1
Removed Parameter Units_per_component: from Part R1
Removed Parameter Units_per_component: from Part R2
Removed Parameter Units_per_component: from Part R3
Removed Parameter Units_per_component: from Part R4
Removed Parameter Units_per_component: from Part R5
Removed Parameter Units_per_component: from Part R6
Removed Parameter Units_per_component: from Part R7
Removed Parameter Units_per_component: from Part R8
Removed Parameter Units_per_component: from Part R9
Removed Parameter Units_per_component: from Part R10
Removed Parameter Units_per_component: from Part R11
Removed Parameter Units_per_component: from Part R12
Removed Parameter Units_per_component: from Part R13
Removed Parameter Units_per_component: from Part R14
Removed Parameter Units_per_component: from Part R15
Removed Parameter Units_per_component: from Part R16
Removed Parameter Units_per_component: from Part R17
Removed Parameter Units_per_component: from Part R18
Removed Parameter Units_per_component: from Part U1
Removed Parameter Units_per_component: from Part U1
Removed Parameter Units_per_component: from Part U2
Removed Parameter Units_per_component: from Part U2
Removed Parameter Units_per_part:40 from Part U3
Removed Parameter Units_per_part: from Part C1
Removed Parameter Units_per_part: from Part C2
Removed Parameter Units_per_part: from Part C4
Removed Parameter Units_per_part: from Part C5
Removed Parameter Units_per_part: from Part C6
Removed Parameter Units_per_part: from Part C7
Removed Parameter Units_per_part: from Part C9
Removed Parameter Units_per_part: from Part C10
Removed Parameter Units_per_part: from Part C11
Removed Parameter Units_per_part: from Part C12
Removed Parameter Units_per_part: from Part C13
Removed Parameter Units_per_part: from Part C14
Removed Parameter Units_per_part: from Part J1
Removed Parameter Units_per_part: from Part J2
Removed Parameter Units_per_part: from Part J3
Removed Parameter Units_per_part: from Part J4
Removed Parameter Units_per_part: from Part M1
Removed Parameter Units_per_part: from Part R1
Removed Parameter Units_per_part: from Part R2
Removed Parameter Units_per_part: from Part R3
Removed Parameter Units_per_part: from Part R4
Removed Parameter Units_per_part: from Part R5
Removed Parameter Units_per_part: from Part R6
Removed Parameter Units_per_part: from Part R7
Removed Parameter Units_per_part: from Part R8
Removed Parameter Units_per_part: from Part R9
Removed Parameter Units_per_part: from Part R10
Removed Parameter Units_per_part: from Part R11
Removed Parameter Units_per_part: from Part R12
Removed Parameter Units_per_part: from Part R13
Removed Parameter Units_per_part: from Part R14
Removed Parameter Units_per_part: from Part R15
Removed Parameter Units_per_part: from Part R16
Removed Parameter Units_per_part: from Part R17
Removed Parameter Units_per_part: from Part R18
Removed Parameter Units_per_part: from Part U1
Removed Parameter Units_per_part: from Part U1
Removed Parameter Units_per_part: from Part U2
Removed Parameter Units_per_part: from Part U2
