Added Parameter Datasheet Link=http://www.farnell.com/datasheets/1789660.pdf to Part J1
Added Parameter Datasheet Link=http://www.farnell.com/datasheets/1789660.pdf to Part J2
Added Parameter Datasheet Link= to Part C1
Added Parameter Datasheet Link= to Part C2
Added Parameter Datasheet Link= to Part C3
Added Parameter Datasheet Link= to Part C4
Added Parameter Datasheet Link= to Part C5
Added Parameter Datasheet Link= to Part C6
Added Parameter Datasheet Link= to Part C7
Added Parameter Datasheet Link= to Part C8
Added Parameter Datasheet Link= to Part C9
Added Parameter Datasheet Link= to Part C10
Added Parameter Datasheet Link= to Part C11
Added Parameter Datasheet Link= to Part C12
Added Parameter Datasheet Link= to Part C13
Added Parameter Datasheet Link= to Part C14
Added Parameter Datasheet Link= to Part C15
Added Parameter Datasheet Link= to Part J3
Added Parameter Datasheet Link= to Part J4
Added Parameter Datasheet Link= to Part M1
Added Parameter Datasheet Link= to Part R1
Added Parameter Datasheet Link= to Part R2
Added Parameter Datasheet Link= to Part R3
Added Parameter Datasheet Link= to Part R4
Added Parameter Datasheet Link= to Part R5
Added Parameter Datasheet Link= to Part R6
Added Parameter Datasheet Link= to Part R7
Added Parameter Datasheet Link= to Part R8
Added Parameter Datasheet Link= to Part R9
Added Parameter Datasheet Link= to Part R10
Added Parameter Datasheet Link= to Part R11
Added Parameter Datasheet Link= to Part R12
Added Parameter Datasheet Link= to Part R13
Added Parameter Datasheet Link= to Part R14
Added Parameter Datasheet Link= to Part R15
Added Parameter Datasheet Link= to Part R16
Added Parameter Datasheet Link= to Part R17
Added Parameter Datasheet Link= to Part R18
Added Parameter Datasheet Link= to Part U1
Added Parameter Datasheet Link= to Part U1
Added Parameter Datasheet Link= to Part U2
Added Parameter Datasheet Link= to Part U2
Added Parameter Datasheet Link= to Part U3
