Change Value of Parameter Supplier 1 in Part C1 Old=Supplier 1 New=Supplier
Change Value of Parameter Supplier Part Number in Part C1 Old=Supplier Part Number 1 New=Supplier Part Number
Change Value of Parameter Supplier 1 in Part C2 Old=Supplier 1 New=Supplier
Change Value of Parameter Supplier Part Number in Part C2 Old=Supplier Part Number 1 New=Supplier Part Number
Change Value of Parameter Supplier 1 in Part C3 Old=Supplier 1 New=Supplier
Change Value of Parameter Supplier Part Number in Part C3 Old=Supplier Part Number 1 New=Supplier Part Number
Change Value of Parameter Supplier 1 in Part C4 Old=Supplier 1 New=Supplier
Change Value of Parameter Supplier Part Number in Part C4 Old=Supplier Part Number 1 New=Supplier Part Number
Change Value of Parameter Supplier 1 in Part C5 Old=Supplier 1 New=Supplier
Change Value of Parameter Supplier Part Number in Part C5 Old=Supplier Part Number 1 New=Supplier Part Number
Change Value of Parameter Supplier 1 in Part C6 Old=Supplier 1 New=Supplier
Change Value of Parameter Supplier Part Number in Part C6 Old=Supplier Part Number 1 New=Supplier Part Number
Change Value of Parameter Supplier 1 in Part C7 Old=Supplier 1 New=Supplier
Change Value of Parameter Supplier Part Number in Part C7 Old=Supplier Part Number 1 New=Supplier Part Number
Change Value of Parameter Supplier 1 in Part C8 Old=Supplier 1 New=Supplier
Change Value of Parameter Supplier Part Number in Part C8 Old=Supplier Part Number 1 New=Supplier Part Number
Change Value of Parameter Supplier 1 in Part C9 Old=Supplier 1 New=Supplier
Change Value of Parameter Supplier Part Number in Part C9 Old=Supplier Part Number 1 New=Supplier Part Number
Change Value of Parameter Supplier 1 in Part C10 Old=Supplier 1 New=Supplier
Change Value of Parameter Supplier Part Number in Part C10 Old=Supplier Part Number 1 New=Supplier Part Number
Change Value of Parameter Supplier 1 in Part C11 Old=Supplier 1 New=Supplier
Change Value of Parameter Supplier Part Number in Part C11 Old=Supplier Part Number 1 New=Supplier Part Number
Change Value of Parameter Supplier 1 in Part C12 Old=Supplier 1 New=Supplier
Change Value of Parameter Supplier Part Number in Part C12 Old=Supplier Part Number 1 New=Supplier Part Number
Change Value of Parameter Supplier 1 in Part C13 Old=Supplier 1 New=Supplier
Change Value of Parameter Supplier Part Number in Part C13 Old=Supplier Part Number 1 New=Supplier Part Number
Change Value of Parameter Supplier 1 in Part C14 Old=Supplier 1 New=Supplier
Change Value of Parameter Supplier Part Number in Part C14 Old=Supplier Part Number 1 New=Supplier Part Number
Change Value of Parameter Supplier in Part DS1 Old=Supplier 1 New=Supplier
Change Value of Parameter Supplier Part Number in Part DS1 Old=Supplier Part Number 1 New=Supplier Part Number
Change Value of Parameter Supplier 1 in Part J1 Old=Supplier 1 New=Supplier
Change Value of Parameter Supplier Part Number 1 in Part J1 Old=Supplier Part Number 1 New=Supplier Part Number
Change Value of Parameter Supplier 1 in Part J2 Old=Supplier 1 New=Supplier
Change Value of Parameter Supplier Part Number 1 in Part J2 Old=Supplier Part Number 1 New=Supplier Part Number
Change Value of Parameter Supplier in Part J3 Old=Supplier 1 New=Supplier
Change Value of Parameter Supplier Part Number in Part J3 Old=Supplier Part Number 1 New=Supplier Part Number
Change Value of Parameter Supplier in Part J4 Old=Supplier 1 New=Supplier
Change Value of Parameter Supplier Part Number in Part J4 Old=Supplier Part Number 1 New=Supplier Part Number
Change Value of Parameter Supplier in Part M1 Old=Supplier 1 New=Supplier
Change Value of Parameter Supplier Part Number in Part M1 Old=Supplier Part Number 1 New=Supplier Part Number
Change Value of Parameter Supplier in Part R1 Old=Supplier 1 New=Supplier
Change Value of Parameter Supplier Part Number in Part R1 Old=Supplier Part Number 1 New=Supplier Part Number
Change Value of Parameter Supplier in Part R2 Old=Supplier 1 New=Supplier
Change Value of Parameter Supplier Part Number in Part R2 Old=Supplier Part Number 1 New=Supplier Part Number
Change Value of Parameter Supplier in Part R3 Old=Supplier 1 New=Supplier
Change Value of Parameter Supplier Part Number in Part R3 Old=Supplier Part Number 1 New=Supplier Part Number
Change Value of Parameter Supplier in Part R4 Old=Supplier 1 New=Supplier
Change Value of Parameter Supplier Part Number in Part R4 Old=Supplier Part Number 1 New=Supplier Part Number
Change Value of Parameter Supplier in Part R5 Old=Supplier 1 New=Supplier
Change Value of Parameter Supplier Part Number in Part R5 Old=Supplier Part Number 1 New=Supplier Part Number
Change Value of Parameter Supplier in Part R6 Old=Supplier 1 New=Supplier
Change Value of Parameter Supplier Part Number in Part R6 Old=Supplier Part Number 1 New=Supplier Part Number
Change Value of Parameter Supplier in Part R7 Old=Supplier 1 New=Supplier
Change Value of Parameter Supplier Part Number in Part R7 Old=Supplier Part Number 1 New=Supplier Part Number
Change Value of Parameter Supplier in Part R8 Old=Supplier 1 New=Supplier
Change Value of Parameter Supplier Part Number in Part R8 Old=Supplier Part Number 1 New=Supplier Part Number
Change Value of Parameter Supplier in Part R9 Old=Supplier 1 New=Supplier
Change Value of Parameter Supplier Part Number in Part R9 Old=Supplier Part Number 1 New=Supplier Part Number
Change Value of Parameter Supplier in Part R10 Old=Supplier 1 New=Supplier
Change Value of Parameter Supplier Part Number in Part R10 Old=Supplier Part Number 1 New=Supplier Part Number
Change Value of Parameter Supplier in Part R11 Old=Supplier 1 New=Supplier
Change Value of Parameter Supplier Part Number in Part R11 Old=Supplier Part Number 1 New=Supplier Part Number
Change Value of Parameter Supplier in Part R12 Old=Supplier 1 New=Supplier
Change Value of Parameter Supplier Part Number in Part R12 Old=Supplier Part Number 1 New=Supplier Part Number
Change Value of Parameter Supplier in Part R13 Old=Supplier 1 New=Supplier
Change Value of Parameter Supplier Part Number in Part R13 Old=Supplier Part Number 1 New=Supplier Part Number
Change Value of Parameter Supplier in Part R14 Old=Supplier 1 New=Supplier
Change Value of Parameter Supplier Part Number in Part R14 Old=Supplier Part Number 1 New=Supplier Part Number
Change Value of Parameter Supplier in Part R15 Old=Supplier 1 New=Supplier
Change Value of Parameter Supplier Part Number in Part R15 Old=Supplier Part Number 1 New=Supplier Part Number
Change Value of Parameter Supplier in Part R16 Old=Supplier 1 New=Supplier
Change Value of Parameter Supplier in Part R16 Old=Supplier 1 New=Supplier
Change Value of Parameter Supplier Part Number in Part R16 Old=Supplier Part Number 1 New=Supplier Part Number
Change Value of Parameter Supplier Part Number in Part R16 Old=Supplier Part Number 1 New=Supplier Part Number
Change Value of Parameter Supplier in Part R17 Old=Supplier 1 New=Supplier
Change Value of Parameter Supplier Part Number in Part R17 Old=Supplier Part Number 1 New=Supplier Part Number
Change Value of Parameter Supplier in Part R18 Old=Supplier 1 New=Supplier
Change Value of Parameter Supplier Part Number in Part R18 Old=Supplier Part Number 1 New=Supplier Part Number
Change Value of Parameter Supplier in Part U1 Old=Supplier 1 New=Supplier
Change Value of Parameter Supplier Part Number in Part U1 Old=Supplier Part Number 1 New=Supplier Part Number
Change Value of Parameter Supplier in Part U1 Old=Supplier 1 New=Supplier
Change Value of Parameter Supplier Part Number in Part U1 Old=Supplier Part Number 1 New=Supplier Part Number
Change Value of Parameter Supplier in Part U2 Old=Supplier 1 New=Supplier
Change Value of Parameter Supplier Part Number in Part U2 Old=Supplier Part Number 1 New=Supplier Part Number
Change Value of Parameter Supplier in Part U2 Old=Supplier 1 New=Supplier
Change Value of Parameter Supplier Part Number in Part U2 Old=Supplier Part Number 1 New=Supplier Part Number
Change Value of Parameter Supplier in Part U3 Old=Supplier 1 New=Supplier
Change Value of Parameter Supplier Part Number in Part U3 Old=Supplier Part Number 1 New=Supplier Part Number
