Change Value of Parameter Name in Part J1 Old= New=K Type Thermocouple Mini Horizontal TH Connector
Change Value of Parameter Supplier 1 in Part J1 Old= New=Newark
Change Value of Parameter Supplier Part Number 1 in Part J1 Old= New=01H0905
Change Value of Parameter Name in Part J2 Old= New=K Type Thermocouple Mini Horizontal TH Connector
Change Value of Parameter Supplier 1 in Part J2 Old= New=Newark
Change Value of Parameter Supplier Part Number 1 in Part J2 Old= New=01H0905
Added Parameter Manufacturer=Omega to Part J1
Added Parameter Manufacturer=Omega to Part J2
Added Parameter Manufacturer= to Part C1
Added Parameter Manufacturer= to Part C2
Added Parameter Manufacturer= to Part C3
Added Parameter Manufacturer= to Part C4
Added Parameter Manufacturer= to Part C5
Added Parameter Manufacturer= to Part C6
Added Parameter Manufacturer= to Part C7
Added Parameter Manufacturer= to Part C8
Added Parameter Manufacturer= to Part C9
Added Parameter Manufacturer= to Part C10
Added Parameter Manufacturer= to Part C11
Added Parameter Manufacturer= to Part C12
Added Parameter Manufacturer= to Part C13
Added Parameter Manufacturer= to Part C14
Added Parameter Manufacturer= to Part C15
Added Parameter Manufacturer= to Part J3
Added Parameter Manufacturer= to Part J4
Added Parameter Manufacturer= to Part M1
Added Parameter Manufacturer= to Part R1
Added Parameter Manufacturer= to Part R2
Added Parameter Manufacturer= to Part R3
Added Parameter Manufacturer= to Part R4
Added Parameter Manufacturer= to Part R5
Added Parameter Manufacturer= to Part R6
Added Parameter Manufacturer= to Part R7
Added Parameter Manufacturer= to Part R8
Added Parameter Manufacturer= to Part R9
Added Parameter Manufacturer= to Part R10
Added Parameter Manufacturer= to Part R11
Added Parameter Manufacturer= to Part R12
Added Parameter Manufacturer= to Part R13
Added Parameter Manufacturer= to Part R14
Added Parameter Manufacturer= to Part R15
Added Parameter Manufacturer= to Part R16
Added Parameter Manufacturer= to Part R17
Added Parameter Manufacturer= to Part R18
Added Parameter Manufacturer= to Part U1
Added Parameter Manufacturer= to Part U1
Added Parameter Manufacturer= to Part U2
Added Parameter Manufacturer= to Part U2
Added Parameter Manufacturer= to Part U3
Added Parameter Manufacturer Part Number=PCC-SMP-K to Part J1
Added Parameter Manufacturer Part Number=PCC-SMP-K to Part J2
Added Parameter Manufacturer Part Number= to Part C1
Added Parameter Manufacturer Part Number= to Part C2
Added Parameter Manufacturer Part Number= to Part C3
Added Parameter Manufacturer Part Number= to Part C4
Added Parameter Manufacturer Part Number= to Part C5
Added Parameter Manufacturer Part Number= to Part C6
Added Parameter Manufacturer Part Number= to Part C7
Added Parameter Manufacturer Part Number= to Part C8
Added Parameter Manufacturer Part Number= to Part C9
Added Parameter Manufacturer Part Number= to Part C10
Added Parameter Manufacturer Part Number= to Part C11
Added Parameter Manufacturer Part Number= to Part C12
Added Parameter Manufacturer Part Number= to Part C13
Added Parameter Manufacturer Part Number= to Part C14
Added Parameter Manufacturer Part Number= to Part C15
Added Parameter Manufacturer Part Number= to Part J3
Added Parameter Manufacturer Part Number= to Part J4
Added Parameter Manufacturer Part Number= to Part M1
Added Parameter Manufacturer Part Number= to Part R1
Added Parameter Manufacturer Part Number= to Part R2
Added Parameter Manufacturer Part Number= to Part R3
Added Parameter Manufacturer Part Number= to Part R4
Added Parameter Manufacturer Part Number= to Part R5
Added Parameter Manufacturer Part Number= to Part R6
Added Parameter Manufacturer Part Number= to Part R7
Added Parameter Manufacturer Part Number= to Part R8
Added Parameter Manufacturer Part Number= to Part R9
Added Parameter Manufacturer Part Number= to Part R10
Added Parameter Manufacturer Part Number= to Part R11
Added Parameter Manufacturer Part Number= to Part R12
Added Parameter Manufacturer Part Number= to Part R13
Added Parameter Manufacturer Part Number= to Part R14
Added Parameter Manufacturer Part Number= to Part R15
Added Parameter Manufacturer Part Number= to Part R16
Added Parameter Manufacturer Part Number= to Part R17
Added Parameter Manufacturer Part Number= to Part R18
Added Parameter Manufacturer Part Number= to Part U1
Added Parameter Manufacturer Part Number= to Part U1
Added Parameter Manufacturer Part Number= to Part U2
Added Parameter Manufacturer Part Number= to Part U2
Added Parameter Manufacturer Part Number= to Part U3
Added Parameter Value=PCC-SMP-K to Part J1
Added Parameter Value=PCC-SMP-K to Part J2
Added Parameter Value= to Part J3
Added Parameter Value= to Part J4
Added Parameter Value= to Part M1
