Change Value of Parameter Supplier in Part P1 Old= New=Digikey
Change Value of Parameter Supplier in Part P2 Old= New=Digikey
Added Parameter Datasheet Link=http://www.sullinscorp.com/drawings/78_P(N)PxCxxxLFBN-RC,_10492-G.pdf to Part P1
Added Parameter Datasheet Link=http://www.sullinscorp.com/drawings/78_P(N)PxCxxxLFBN-RC,_10492-G.pdf to Part P2
Added Parameter Manufacturer=Sullins Interconnect to Part P1
Added Parameter Manufacturer=Sullins Interconnect to Part P2
Added Parameter Manufacturer Part Number=PPTC121LFBN-RC to Part P1
Added Parameter Manufacturer Part Number=PPTC121LFBN-RC to Part P2
Added Parameter Name=CONN HEADER FEM 12POS .1" SGL TIN to Part P1
Added Parameter Name=CONN HEADER FEM 12POS .1" SGL TIN to Part P2
Added Parameter Package=TH to Part P1
Added Parameter Package=TH to Part P2
Added Parameter Power= to Part P1
Added Parameter Power= to Part P2
Added Parameter Supplier Part Number=S6100-ND to Part P1
Added Parameter Supplier Part Number=S6100-ND to Part P2
Added Parameter Tolerance= to Part P1
Added Parameter Tolerance= to Part P2
Added Parameter Value=PPTC121LFBN-RC to Part P1
Added Parameter Value=PPTC121LFBN-RC to Part P2
