Change Value of Parameter Datasheet Link in Part U1 Old= New=http://www.ti.com/lit/ds/symlink/opa2376.pdf
Change Value of Parameter Manufacturer in Part U1 Old= New=Texas Instruments
Change Value of Parameter Manufacturer Part Number in Part U1 Old= New=OPA2376AIDR
Change Value of Parameter Name in Part U1 Old= New=Dual OP Amp Low Noise
Change Value of Parameter Package in Part U1 Old= New=8-SOIC
Change Value of Parameter Power in Part U1 Old= New=2.2V to 5.5V
Change Value of Parameter Supplier 1 in Part U1 Old= New=Digikey
Change Value of Parameter Supplier Part Number 1 in Part U1 Old= New=296-22564-1-ND
Change Value of Parameter Value in Part U1 Old= New=OPA2376AIDR
Change Value of Parameter Datasheet Link in Part U2 Old= New=http://www.ti.com/lit/ds/symlink/opa2376.pdf
Change Value of Parameter Manufacturer in Part U2 Old= New=Texas Instruments
Change Value of Parameter Manufacturer Part Number in Part U2 Old= New=OPA2376AIDR
Change Value of Parameter Name in Part U2 Old= New=Dual OP Amp Low Noise
Change Value of Parameter Package in Part U2 Old= New=8-SOIC
Change Value of Parameter Power in Part U2 Old= New=2.2V to 5.5V
Change Value of Parameter Supplier 1 in Part U2 Old= New=Digikey
Change Value of Parameter Supplier Part Number 1 in Part U2 Old= New=296-22564-1-ND
Change Value of Parameter Value in Part U2 Old= New=OPA2376AIDR
Change Value of Parameter Datasheet Link in Part U2 Old= New=http://www.ti.com/lit/ds/symlink/opa2376.pdf
Change Value of Parameter Manufacturer in Part U2 Old= New=Texas Instruments
Change Value of Parameter Manufacturer Part Number in Part U2 Old= New=OPA2376AIDR
Change Value of Parameter Name in Part U2 Old= New=Dual OP Amp Low Noise
Change Value of Parameter Package in Part U2 Old= New=8-SOIC
Change Value of Parameter Power in Part U2 Old= New=2.2V to 5.5V
Change Value of Parameter Supplier 1 in Part U2 Old= New=Digikey
Change Value of Parameter Supplier Part Number 1 in Part U2 Old= New=296-22564-1-ND
Change Value of Parameter Value in Part U2 Old= New=OPA2376AIDR
