Change Value of Parameter Datasheet Link in Part R1 Old= New=http://www.vishay.com/docs/20035/dcrcwe3.pdf
Change Value of Parameter Manufacturer in Part R1 Old= New=Vishay
Change Value of Parameter Manufacturer Part Number in Part R1 Old= New=CRCW0603100KFKEA
Change Value of Parameter Name in Part R1 Old= New=RES 100K OHM 1/10W 1% 0603 SMD
Change Value of Parameter Power in Part R1 Old= New=1/10W
Change Value of Parameter Supplier 1 in Part R1 Old= New=Digikey
Change Value of Parameter Supplier Part Number 1 in Part R1 Old= New=541-100KHCT-ND
Change Value of Parameter Tolerance in Part R1 Old= New=1%
Change Value of Parameter Datasheet Link in Part R2 Old= New=http://www.vishay.com/docs/20035/dcrcwe3.pdf
Change Value of Parameter Manufacturer in Part R2 Old= New=Vishay
Change Value of Parameter Manufacturer Part Number in Part R2 Old= New=CRCW060322K0FKEA
Change Value of Parameter Name in Part R2 Old= New=RES 22.0K OHM 1/10W 1% 0603 SMD
Change Value of Parameter Power in Part R2 Old= New=1/10W
Change Value of Parameter Supplier 1 in Part R2 Old= New=Digikey
Change Value of Parameter Supplier Part Number 1 in Part R2 Old= New=541-22.0KHCT-ND
Change Value of Parameter Tolerance in Part R2 Old= New=1%
Change Value of Parameter Datasheet Link in Part R3 Old= New=http://www.vishay.com/docs/20035/dcrcwe3.pdf
Change Value of Parameter Manufacturer in Part R3 Old= New=Vishay
Change Value of Parameter Manufacturer Part Number in Part R3 Old= New=CRCW06031K00FKEA
Change Value of Parameter Name in Part R3 Old= New=RES 1.00K OHM 1/10W 1% 0603 SMD
Change Value of Parameter Power in Part R3 Old= New=1/10W
Change Value of Parameter Supplier 1 in Part R3 Old= New=Digikey
Change Value of Parameter Supplier Part Number 1 in Part R3 Old= New=541-1.00KHCT-ND
Change Value of Parameter Tolerance in Part R3 Old= New=1%
Change Value of Parameter Datasheet Link in Part R4 Old= New=http://www.vishay.com/docs/20035/dcrcwe3.pdf
Change Value of Parameter Manufacturer in Part R4 Old= New=Vishay
Change Value of Parameter Manufacturer Part Number in Part R4 Old= New=CRCW060310K0FKEA
Change Value of Parameter Name in Part R4 Old= New=RES 10.0K OHM 1/10W 1% 0603 SMD
Change Value of Parameter Power in Part R4 Old= New=1/10W
Change Value of Parameter Supplier 1 in Part R4 Old= New=Digikey
Change Value of Parameter Supplier Part Number 1 in Part R4 Old= New=541-10.0KHCT-ND
Change Value of Parameter Tolerance in Part R4 Old= New=1%
Change Value of Parameter Datasheet Link in Part R5 Old= New=http://www.vishay.com/docs/20035/dcrcwe3.pdf
Change Value of Parameter Manufacturer in Part R5 Old= New=Vishay
Change Value of Parameter Manufacturer Part Number in Part R5 Old= New=CRCW06031K00FKEA
Change Value of Parameter Name in Part R5 Old= New=RES 1.00K OHM 1/10W 1% 0603 SMD
Change Value of Parameter Power in Part R5 Old= New=1/10W
Change Value of Parameter Supplier 1 in Part R5 Old= New=Digikey
Change Value of Parameter Supplier Part Number 1 in Part R5 Old= New=541-1.00KHCT-ND
Change Value of Parameter Tolerance in Part R5 Old= New=1%
Change Value of Parameter Datasheet Link in Part R6 Old= New=http://www.vishay.com/docs/20035/dcrcwe3.pdf
Change Value of Parameter Manufacturer in Part R6 Old= New=Vishay
Change Value of Parameter Manufacturer Part Number in Part R6 Old= New=CRCW060310K0FKEA
Change Value of Parameter Name in Part R6 Old= New=RES 10.0K OHM 1/10W 1% 0603 SMD
Change Value of Parameter Power in Part R6 Old= New=1/10W
Change Value of Parameter Supplier 1 in Part R6 Old= New=Digikey
Change Value of Parameter Supplier Part Number 1 in Part R6 Old= New=541-10.0KHCT-ND
Change Value of Parameter Tolerance in Part R6 Old= New=1%
Change Value of Parameter Datasheet Link in Part R7 Old= New=http://www.vishay.com/docs/20035/dcrcwe3.pdf
Change Value of Parameter Manufacturer in Part R7 Old= New=Vishay
Change Value of Parameter Manufacturer Part Number in Part R7 Old= New=CRCW060322K0FKEA
Change Value of Parameter Name in Part R7 Old= New=RES 22.0K OHM 1/10W 1% 0603 SMD
Change Value of Parameter Power in Part R7 Old= New=1/10W
Change Value of Parameter Supplier 1 in Part R7 Old= New=Digikey
Change Value of Parameter Supplier Part Number 1 in Part R7 Old= New=541-22.0KHCT-ND
Change Value of Parameter Tolerance in Part R7 Old= New=1%
Change Value of Parameter Datasheet Link in Part R8 Old= New=http://www.vishay.com/docs/20035/dcrcwe3.pdf
Change Value of Parameter Manufacturer in Part R8 Old= New=Vishay
Change Value of Parameter Manufacturer Part Number in Part R8 Old= New=CRCW0603100KFKEA
Change Value of Parameter Name in Part R8 Old= New=RES 100K OHM 1/10W 1% 0603 SMD
Change Value of Parameter Power in Part R8 Old= New=1/10W
Change Value of Parameter Supplier 1 in Part R8 Old= New=Digikey
Change Value of Parameter Supplier Part Number 1 in Part R8 Old= New=541-100KHCT-ND
Change Value of Parameter Tolerance in Part R8 Old= New=1%
Change Value of Parameter Datasheet Link in Part R9 Old= New=http://www.vishay.com/docs/20035/dcrcwe3.pdf
Change Value of Parameter Manufacturer in Part R9 Old= New=Vishay
Change Value of Parameter Manufacturer Part Number in Part R9 Old= New=CRCW0603100KFKEA
Change Value of Parameter Name in Part R9 Old= New=RES 100K OHM 1/10W 1% 0603 SMD
Change Value of Parameter Power in Part R9 Old= New=1/10W
Change Value of Parameter Supplier 1 in Part R9 Old= New=Digikey
Change Value of Parameter Supplier Part Number 1 in Part R9 Old= New=541-100KHCT-ND
Change Value of Parameter Tolerance in Part R9 Old= New=1%
Change Value of Parameter Datasheet Link in Part R10 Old= New=http://www.vishay.com/docs/20035/dcrcwe3.pdf
Change Value of Parameter Manufacturer in Part R10 Old= New=Vishay
Change Value of Parameter Manufacturer Part Number in Part R10 Old= New=CRCW060322K0FKEA
Change Value of Parameter Name in Part R10 Old= New=RES 22.0K OHM 1/10W 1% 0603 SMD
Change Value of Parameter Power in Part R10 Old= New=1/10W
Change Value of Parameter Supplier 1 in Part R10 Old= New=Digikey
Change Value of Parameter Supplier Part Number 1 in Part R10 Old= New=541-22.0KHCT-ND
Change Value of Parameter Tolerance in Part R10 Old= New=1%
Change Value of Parameter Datasheet Link in Part R11 Old= New=http://www.vishay.com/docs/20035/dcrcwe3.pdf
Change Value of Parameter Manufacturer in Part R11 Old= New=Vishay
Change Value of Parameter Manufacturer Part Number in Part R11 Old= New=CRCW06031K00FKEA
Change Value of Parameter Name in Part R11 Old= New=RES 1.00K OHM 1/10W 1% 0603 SMD
Change Value of Parameter Power in Part R11 Old= New=1/10W
Change Value of Parameter Supplier 1 in Part R11 Old= New=Digikey
Change Value of Parameter Supplier Part Number 1 in Part R11 Old= New=541-1.00KHCT-ND
Change Value of Parameter Tolerance in Part R11 Old= New=1%
Change Value of Parameter Datasheet Link in Part R12 Old= New=http://www.vishay.com/docs/20035/dcrcwe3.pdf
Change Value of Parameter Manufacturer in Part R12 Old= New=Vishay
Change Value of Parameter Manufacturer Part Number in Part R12 Old= New=CRCW060310K0FKEA
Change Value of Parameter Name in Part R12 Old= New=RES 10.0K OHM 1/10W 1% 0603 SMD
Change Value of Parameter Power in Part R12 Old= New=1/10W
Change Value of Parameter Supplier 1 in Part R12 Old= New=Digikey
Change Value of Parameter Supplier Part Number 1 in Part R12 Old= New=541-10.0KHCT-ND
Change Value of Parameter Tolerance in Part R12 Old= New=1%
Change Value of Parameter Datasheet Link in Part R13 Old= New=http://www.vishay.com/docs/20035/dcrcwe3.pdf
Change Value of Parameter Manufacturer in Part R13 Old= New=Vishay
Change Value of Parameter Manufacturer Part Number in Part R13 Old= New=CRCW06031K00FKEA
Change Value of Parameter Name in Part R13 Old= New=RES 1.00K OHM 1/10W 1% 0603 SMD
Change Value of Parameter Power in Part R13 Old= New=1/10W
Change Value of Parameter Supplier 1 in Part R13 Old= New=Digikey
Change Value of Parameter Supplier Part Number 1 in Part R13 Old= New=541-1.00KHCT-ND
Change Value of Parameter Tolerance in Part R13 Old= New=1%
Change Value of Parameter Datasheet Link in Part R14 Old= New=http://www.vishay.com/docs/20035/dcrcwe3.pdf
Change Value of Parameter Manufacturer in Part R14 Old= New=Vishay
Change Value of Parameter Manufacturer Part Number in Part R14 Old= New=CRCW060310K0FKEA
Change Value of Parameter Name in Part R14 Old= New=RES 10.0K OHM 1/10W 1% 0603 SMD
Change Value of Parameter Power in Part R14 Old= New=1/10W
Change Value of Parameter Supplier 1 in Part R14 Old= New=Digikey
Change Value of Parameter Supplier Part Number 1 in Part R14 Old= New=541-10.0KHCT-ND
Change Value of Parameter Tolerance in Part R14 Old= New=1%
Change Value of Parameter Datasheet Link in Part R15 Old= New=http://www.vishay.com/docs/20035/dcrcwe3.pdf
Change Value of Parameter Manufacturer in Part R15 Old= New=Vishay
Change Value of Parameter Manufacturer Part Number in Part R15 Old= New=CRCW060322K0FKEA
Change Value of Parameter Name in Part R15 Old= New=RES 22.0K OHM 1/10W 1% 0603 SMD
Change Value of Parameter Power in Part R15 Old= New=1/10W
Change Value of Parameter Supplier 1 in Part R15 Old= New=Digikey
Change Value of Parameter Supplier Part Number 1 in Part R15 Old= New=541-22.0KHCT-ND
Change Value of Parameter Tolerance in Part R15 Old= New=1%
Change Value of Parameter Datasheet Link in Part R16 Old= New=http://www.vishay.com/docs/20035/dcrcwe3.pdf
Change Value of Parameter Datasheet Link in Part R16 Old= New=http://www.vishay.com/docs/20035/dcrcwe3.pdf
Change Value of Parameter Manufacturer in Part R16 Old= New=Vishay
Change Value of Parameter Manufacturer in Part R16 Old= New=Vishay
Change Value of Parameter Manufacturer Part Number in Part R16 Old= New=CRCW06031K00FKEA
Change Value of Parameter Manufacturer Part Number in Part R16 Old= New=CRCW060310K0FKEA
Change Value of Parameter Name in Part R16 Old= New=RES 1.00K OHM 1/10W 1% 0603 SMD
Change Value of Parameter Name in Part R16 Old= New=RES 10.0K OHM 1/10W 1% 0603 SMD
Change Value of Parameter Power in Part R16 Old= New=1/10W
Change Value of Parameter Power in Part R16 Old= New=1/10W
Change Value of Parameter Supplier 1 in Part R16 Old= New=Digikey
Change Value of Parameter Supplier 1 in Part R16 Old= New=Digikey
Change Value of Parameter Supplier Part Number 1 in Part R16 Old= New=541-1.00KHCT-ND
Change Value of Parameter Supplier Part Number 1 in Part R16 Old= New=541-10.0KHCT-ND
Change Value of Parameter Tolerance in Part R16 Old= New=1%
Change Value of Parameter Tolerance in Part R16 Old= New=1%
Change Value of Parameter Datasheet Link in Part R17 Old= New=http://www.vishay.com/docs/20035/dcrcwe3.pdf
Change Value of Parameter Manufacturer in Part R17 Old= New=Vishay
Change Value of Parameter Manufacturer Part Number in Part R17 Old= New=CRCW060310K0FKEA
Change Value of Parameter Name in Part R17 Old= New=RES 10.0K OHM 1/10W 1% 0603 SMD
Change Value of Parameter Power in Part R17 Old= New=1/10W
Change Value of Parameter Supplier 1 in Part R17 Old= New=Digikey
Change Value of Parameter Supplier Part Number 1 in Part R17 Old= New=541-10.0KHCT-ND
Change Value of Parameter Tolerance in Part R17 Old= New=1%
Change Value of Parameter Datasheet Link in Part R18 Old= New=http://www.vishay.com/docs/20035/dcrcwe3.pdf
Change Value of Parameter Manufacturer in Part R18 Old= New=Vishay
Change Value of Parameter Manufacturer Part Number in Part R18 Old= New=CRCW0603100KFKEA
Change Value of Parameter Name in Part R18 Old= New=RES 100K OHM 1/10W 1% 0603 SMD
Change Value of Parameter Power in Part R18 Old= New=1/10W
Change Value of Parameter Supplier 1 in Part R18 Old= New=Digikey
Change Value of Parameter Supplier Part Number 1 in Part R18 Old= New=541-100KHCT-ND
Change Value of Parameter Tolerance in Part R18 Old= New=1%
