Added Parameter Name= to Part C1
Added Parameter Name= to Part C2
Added Parameter Name= to Part C3
Added Parameter Name= to Part C4
Added Parameter Name= to Part C5
Added Parameter Name= to Part C6
Added Parameter Name= to Part C7
Added Parameter Name= to Part C8
Added Parameter Name= to Part C9
Added Parameter Name= to Part C10
Added Parameter Name= to Part C11
Added Parameter Name= to Part C12
Added Parameter Name= to Part C13
Added Parameter Name= to Part C14
Added Parameter Name= to Part C15
Added Parameter Name= to Part R1
Added Parameter Name= to Part R2
Added Parameter Name= to Part R3
Added Parameter Name= to Part R4
Added Parameter Name= to Part R5
Added Parameter Name= to Part R6
Added Parameter Name= to Part R7
Added Parameter Name= to Part R8
Added Parameter Name= to Part R9
Added Parameter Name= to Part R10
Added Parameter Name= to Part R11
Added Parameter Name= to Part R12
Added Parameter Name= to Part R13
Added Parameter Name= to Part R14
Added Parameter Name= to Part R15
Added Parameter Name= to Part R18
Added Parameter Name= to Part U1
Added Parameter Name= to Part U1
Added Parameter Name= to Part U2
Added Parameter Name= to Part U2
Added Parameter Power= to Part C1
Added Parameter Power= to Part C2
Added Parameter Power= to Part C3
Added Parameter Power= to Part C4
Added Parameter Power= to Part C5
Added Parameter Power= to Part C6
Added Parameter Power= to Part C7
Added Parameter Power= to Part C8
Added Parameter Power= to Part C9
Added Parameter Power= to Part C10
Added Parameter Power= to Part C11
Added Parameter Power= to Part C12
Added Parameter Power= to Part C13
Added Parameter Power= to Part C14
Added Parameter Power= to Part C15
Added Parameter Power= to Part J1
Added Parameter Power= to Part J2
Added Parameter Power= to Part J3
Added Parameter Power= to Part J4
Added Parameter Power= to Part M1
Added Parameter Power= to Part U1
Added Parameter Power= to Part U1
Added Parameter Power= to Part U2
Added Parameter Power= to Part U2
Added Parameter Power= to Part U3
Added Parameter SMT/TH=TH to Part J1
Added Parameter SMT/TH=TH to Part J2
Added Parameter SMT/TH= to Part C1
Added Parameter SMT/TH= to Part C2
Added Parameter SMT/TH= to Part C3
Added Parameter SMT/TH= to Part C4
Added Parameter SMT/TH= to Part C5
Added Parameter SMT/TH= to Part C6
Added Parameter SMT/TH= to Part C7
Added Parameter SMT/TH= to Part C8
Added Parameter SMT/TH= to Part C9
Added Parameter SMT/TH= to Part C10
Added Parameter SMT/TH= to Part C11
Added Parameter SMT/TH= to Part C12
Added Parameter SMT/TH= to Part C13
Added Parameter SMT/TH= to Part C14
Added Parameter SMT/TH= to Part C15
Added Parameter SMT/TH= to Part J3
Added Parameter SMT/TH= to Part J4
Added Parameter SMT/TH= to Part M1
Added Parameter SMT/TH= to Part R1
Added Parameter SMT/TH= to Part R2
Added Parameter SMT/TH= to Part R3
Added Parameter SMT/TH= to Part R4
Added Parameter SMT/TH= to Part R5
Added Parameter SMT/TH= to Part R6
Added Parameter SMT/TH= to Part R7
Added Parameter SMT/TH= to Part R8
Added Parameter SMT/TH= to Part R9
Added Parameter SMT/TH= to Part R10
Added Parameter SMT/TH= to Part R11
Added Parameter SMT/TH= to Part R12
Added Parameter SMT/TH= to Part R13
Added Parameter SMT/TH= to Part R14
Added Parameter SMT/TH= to Part R15
Added Parameter SMT/TH= to Part R16
Added Parameter SMT/TH= to Part R17
Added Parameter SMT/TH= to Part R18
Added Parameter SMT/TH= to Part U1
Added Parameter SMT/TH= to Part U1
Added Parameter SMT/TH= to Part U2
Added Parameter SMT/TH= to Part U2
Added Parameter SMT/TH= to Part U3
Added Parameter Tolerance= to Part C1
Added Parameter Tolerance= to Part C2
Added Parameter Tolerance= to Part C3
Added Parameter Tolerance= to Part C4
Added Parameter Tolerance= to Part C5
Added Parameter Tolerance= to Part C6
Added Parameter Tolerance= to Part C7
Added Parameter Tolerance= to Part C8
Added Parameter Tolerance= to Part C9
Added Parameter Tolerance= to Part C10
Added Parameter Tolerance= to Part C11
Added Parameter Tolerance= to Part C12
Added Parameter Tolerance= to Part C13
Added Parameter Tolerance= to Part C14
Added Parameter Tolerance= to Part C15
Added Parameter Tolerance= to Part J1
Added Parameter Tolerance= to Part J2
Added Parameter Tolerance= to Part J3
Added Parameter Tolerance= to Part J4
Added Parameter Tolerance= to Part M1
Added Parameter Tolerance= to Part U1
Added Parameter Tolerance= to Part U1
Added Parameter Tolerance= to Part U2
Added Parameter Tolerance= to Part U2
Added Parameter Tolerance= to Part U3
Added Parameter Units_per_component= to Part C1
Added Parameter Units_per_component= to Part C2
Added Parameter Units_per_component= to Part C3
Added Parameter Units_per_component= to Part C4
Added Parameter Units_per_component= to Part C5
Added Parameter Units_per_component= to Part C6
Added Parameter Units_per_component= to Part C7
Added Parameter Units_per_component= to Part C8
Added Parameter Units_per_component= to Part C9
Added Parameter Units_per_component= to Part C10
Added Parameter Units_per_component= to Part C11
Added Parameter Units_per_component= to Part C12
Added Parameter Units_per_component= to Part C13
Added Parameter Units_per_component= to Part C14
Added Parameter Units_per_component= to Part C15
Added Parameter Units_per_component= to Part J1
Added Parameter Units_per_component= to Part J2
Added Parameter Units_per_component= to Part J3
Added Parameter Units_per_component= to Part J4
Added Parameter Units_per_component= to Part M1
Added Parameter Units_per_component= to Part R1
Added Parameter Units_per_component= to Part R2
Added Parameter Units_per_component= to Part R3
Added Parameter Units_per_component= to Part R4
Added Parameter Units_per_component= to Part R5
Added Parameter Units_per_component= to Part R6
Added Parameter Units_per_component= to Part R7
Added Parameter Units_per_component= to Part R8
Added Parameter Units_per_component= to Part R9
Added Parameter Units_per_component= to Part R10
Added Parameter Units_per_component= to Part R11
Added Parameter Units_per_component= to Part R12
Added Parameter Units_per_component= to Part R13
Added Parameter Units_per_component= to Part R14
Added Parameter Units_per_component= to Part R15
Added Parameter Units_per_component= to Part R16
Added Parameter Units_per_component= to Part R17
Added Parameter Units_per_component= to Part R18
Added Parameter Units_per_component= to Part U1
Added Parameter Units_per_component= to Part U1
Added Parameter Units_per_component= to Part U2
Added Parameter Units_per_component= to Part U2
Added Parameter Units_per_part= to Part C1
Added Parameter Units_per_part= to Part C2
Added Parameter Units_per_part= to Part C3
Added Parameter Units_per_part= to Part C4
Added Parameter Units_per_part= to Part C5
Added Parameter Units_per_part= to Part C6
Added Parameter Units_per_part= to Part C7
Added Parameter Units_per_part= to Part C8
Added Parameter Units_per_part= to Part C9
Added Parameter Units_per_part= to Part C10
Added Parameter Units_per_part= to Part C11
Added Parameter Units_per_part= to Part C12
Added Parameter Units_per_part= to Part C13
Added Parameter Units_per_part= to Part C14
Added Parameter Units_per_part= to Part C15
Added Parameter Units_per_part= to Part J1
Added Parameter Units_per_part= to Part J2
Added Parameter Units_per_part= to Part J3
Added Parameter Units_per_part= to Part J4
Added Parameter Units_per_part= to Part M1
Added Parameter Units_per_part= to Part R1
Added Parameter Units_per_part= to Part R2
Added Parameter Units_per_part= to Part R3
Added Parameter Units_per_part= to Part R4
Added Parameter Units_per_part= to Part R5
Added Parameter Units_per_part= to Part R6
Added Parameter Units_per_part= to Part R7
Added Parameter Units_per_part= to Part R8
Added Parameter Units_per_part= to Part R9
Added Parameter Units_per_part= to Part R10
Added Parameter Units_per_part= to Part R11
Added Parameter Units_per_part= to Part R12
Added Parameter Units_per_part= to Part R13
Added Parameter Units_per_part= to Part R14
Added Parameter Units_per_part= to Part R15
Added Parameter Units_per_part= to Part R16
Added Parameter Units_per_part= to Part R17
Added Parameter Units_per_part= to Part R18
Added Parameter Units_per_part= to Part U1
Added Parameter Units_per_part= to Part U1
Added Parameter Units_per_part= to Part U2
Added Parameter Units_per_part= to Part U2
